19:50:20.554[main]DEBUG org.testng.TestNG - suiteXmlPath: "C:\Users\Dell\AppData\Local\Temp\testng-eclipse-10323185\testng-customsuite.xml"
19:50:21.301[main]INFO  org.testng.internal.Utils - [Utils] MethodGroupsHelper.collectMethodsByGroup() took 2 ms.
19:50:21.305[main]INFO  org.testng.internal.Utils - [Utils] MethodGroupsHelper.sortMethods() took 1 ms.
19:50:21.308[main]INFO  org.testng.internal.Utils - [Utils] MethodGroupsHelper.collectMethodsByGroup() took 0 ms.
19:50:21.309[main]INFO  org.testng.internal.Utils - [Utils] MethodGroupsHelper.sortMethods() took 0 ms.
19:50:21.310[main]INFO  org.testng.internal.Utils - [Utils] MethodGroupsHelper.collectMethodsByGroup() took 0 ms.
19:50:21.310[main]INFO  org.testng.internal.Utils - [Utils] MethodGroupsHelper.sortMethods() took 0 ms.
19:50:21.311[main]INFO  org.testng.internal.Utils - [Utils] MethodGroupsHelper.collectMethodsByGroup() took 0 ms.
19:50:21.311[main]INFO  org.testng.internal.Utils - [Utils] MethodGroupsHelper.sortMethods() took 0 ms.
19:50:21.332[main]INFO  org.testng.internal.Utils - [Utils] MethodGroupsHelper.collectMethodsByGroup() took 18 ms.
19:50:21.364[main]INFO  org.testng.internal.Utils - [Utils] MethodGroupsHelper.sortMethods() took 32 ms.
19:50:21.367[main]INFO  org.testng.internal.Utils - [Utils] MethodGroupsHelper.collectMethodsByGroup() took 0 ms.
19:50:21.368[main]INFO  org.testng.internal.Utils - [Utils] MethodGroupsHelper.sortMethods() took 0 ms.
19:50:21.371[main]INFO  org.testng.internal.Utils - [Utils] MethodGroupsHelper.collectMethodsByGroup() took 1 ms.
19:50:21.371[main]INFO  org.testng.internal.Utils - [Utils] MethodGroupsHelper.sortMethods() took 0 ms.
19:50:21.373[main]INFO  org.testng.internal.Utils - [Utils] MethodGroupsHelper.collectMethodsByGroup() took 0 ms.
19:50:21.373[main]INFO  org.testng.internal.Utils - [Utils] MethodGroupsHelper.sortMethods() took 0 ms.
19:50:21.378[main]INFO  org.testng.internal.Utils - [Utils] MethodGroupsHelper.collectMethodsByGroup() took 0 ms.
19:50:21.379[main]INFO  org.testng.internal.Utils - [Utils] MethodGroupsHelper.sortMethods() took 0 ms.
19:50:21.380[main]INFO  org.testng.internal.Utils - [Utils] MethodGroupsHelper.collectMethodsByGroup() took 0 ms.
19:50:21.380[main]INFO  org.testng.internal.Utils - [Utils] MethodGroupsHelper.sortMethods() took 0 ms.
19:50:21.382[main]INFO  org.testng.internal.Utils - [Utils] MethodGroupsHelper.collectMethodsByGroup() took 0 ms.
19:50:21.383[main]INFO  org.testng.internal.Utils - [Utils] MethodGroupsHelper.sortMethods() took 0 ms.
19:50:21.383[main]INFO  org.testng.internal.Utils - [Utils] MethodGroupsHelper.collectMethodsByGroup() took 0 ms.
19:50:21.383[main]INFO  org.testng.internal.Utils - [Utils] MethodGroupsHelper.sortMethods() took 0 ms.
19:50:21.385[main]INFO  org.testng.internal.Utils - [Utils] MethodGroupsHelper.collectMethodsByGroup() took 0 ms.
19:50:21.385[main]INFO  org.testng.internal.Utils - [Utils] MethodGroupsHelper.sortMethods() took 0 ms.
19:50:21.387[main]INFO  org.testng.internal.Utils - [Utils] MethodGroupsHelper.collectMethodsByGroup() took 0 ms.
19:50:21.388[main]INFO  org.testng.internal.Utils - [Utils] MethodGroupsHelper.sortMethods() took 0 ms.
19:50:21.388[main]INFO  org.testng.internal.Utils - [Utils] MethodGroupsHelper.collectMethodsByGroup() took 0 ms.
19:50:21.388[main]INFO  org.testng.internal.Utils - [Utils] MethodGroupsHelper.sortMethods() took 0 ms.
19:50:21.409[main]INFO  org.testng.internal.Utils - [TestNG] Running:
  C:\Users\Dell\AppData\Local\Temp\testng-eclipse-10323185\testng-customsuite.xml

19:50:21.499[main]INFO  org.testng.internal.Utils - [Utils] DynamicGraphHelper.createDynamicGraph() took 22 ms.
19:50:27.602[main]DEBUG org.testng.TestNG - suiteXmlPath: "C:\Users\Dell\AppData\Local\Temp\testng-eclipse--1762615071\testng-customsuite.xml"
19:50:30.070[main]INFO  org.testng.internal.Utils - [Utils] MethodGroupsHelper.collectMethodsByGroup() took 2 ms.
19:50:30.083[main]INFO  org.testng.internal.Utils - [Utils] MethodGroupsHelper.sortMethods() took 5 ms.
19:50:30.090[main]INFO  org.testng.internal.Utils - [Utils] MethodGroupsHelper.collectMethodsByGroup() took 0 ms.
19:50:30.091[main]INFO  org.testng.internal.Utils - [Utils] MethodGroupsHelper.sortMethods() took 0 ms.
19:50:30.093[main]INFO  org.testng.internal.Utils - [Utils] MethodGroupsHelper.collectMethodsByGroup() took 0 ms.
19:50:30.093[main]INFO  org.testng.internal.Utils - [Utils] MethodGroupsHelper.sortMethods() took 0 ms.
19:50:30.094[main]INFO  org.testng.internal.Utils - [Utils] MethodGroupsHelper.collectMethodsByGroup() took 0 ms.
19:50:30.094[main]INFO  org.testng.internal.Utils - [Utils] MethodGroupsHelper.sortMethods() took 0 ms.
19:50:30.117[main]INFO  org.testng.internal.Utils - [Utils] MethodGroupsHelper.collectMethodsByGroup() took 20 ms.
19:50:30.155[main]INFO  org.testng.internal.Utils - [Utils] MethodGroupsHelper.sortMethods() took 37 ms.
19:50:30.161[main]INFO  org.testng.internal.Utils - [Utils] MethodGroupsHelper.collectMethodsByGroup() took 1 ms.
19:50:30.163[main]INFO  org.testng.internal.Utils - [Utils] MethodGroupsHelper.sortMethods() took 1 ms.
19:50:30.165[main]INFO  org.testng.internal.Utils - [Utils] MethodGroupsHelper.collectMethodsByGroup() took 0 ms.
19:50:30.166[main]INFO  org.testng.internal.Utils - [Utils] MethodGroupsHelper.sortMethods() took 1 ms.
19:50:30.167[main]INFO  org.testng.internal.Utils - [Utils] MethodGroupsHelper.collectMethodsByGroup() took 0 ms.
19:50:30.168[main]INFO  org.testng.internal.Utils - [Utils] MethodGroupsHelper.sortMethods() took 1 ms.
19:50:30.175[main]INFO  org.testng.internal.Utils - [Utils] MethodGroupsHelper.collectMethodsByGroup() took 0 ms.
19:50:30.179[main]INFO  org.testng.internal.Utils - [Utils] MethodGroupsHelper.sortMethods() took 0 ms.
19:50:30.182[main]INFO  org.testng.internal.Utils - [Utils] MethodGroupsHelper.collectMethodsByGroup() took 0 ms.
19:50:30.183[main]INFO  org.testng.internal.Utils - [Utils] MethodGroupsHelper.sortMethods() took 0 ms.
19:50:30.187[main]INFO  org.testng.internal.Utils - [Utils] MethodGroupsHelper.collectMethodsByGroup() took 0 ms.
19:50:30.187[main]INFO  org.testng.internal.Utils - [Utils] MethodGroupsHelper.sortMethods() took 0 ms.
19:50:30.188[main]INFO  org.testng.internal.Utils - [Utils] MethodGroupsHelper.collectMethodsByGroup() took 0 ms.
19:50:30.188[main]INFO  org.testng.internal.Utils - [Utils] MethodGroupsHelper.sortMethods() took 0 ms.
19:50:30.191[main]INFO  org.testng.internal.Utils - [Utils] MethodGroupsHelper.collectMethodsByGroup() took 1 ms.
19:50:30.193[main]INFO  org.testng.internal.Utils - [Utils] MethodGroupsHelper.sortMethods() took 0 ms.
19:50:30.197[main]INFO  org.testng.internal.Utils - [Utils] MethodGroupsHelper.collectMethodsByGroup() took 0 ms.
19:50:30.197[main]INFO  org.testng.internal.Utils - [Utils] MethodGroupsHelper.sortMethods() took 0 ms.
19:50:30.197[main]INFO  org.testng.internal.Utils - [Utils] MethodGroupsHelper.collectMethodsByGroup() took 0 ms.
19:50:30.198[main]INFO  org.testng.internal.Utils - [Utils] MethodGroupsHelper.sortMethods() took 0 ms.
19:50:30.214[main]INFO  org.testng.internal.Utils - [TestNG] Running:
  C:\Users\Dell\AppData\Local\Temp\testng-eclipse--1762615071\testng-customsuite.xml

19:50:30.302[main]INFO  org.testng.internal.Utils - [Utils] DynamicGraphHelper.createDynamicGraph() took 24 ms.
19:50:37.362[main]INFO  org.testng.internal.Utils - [TestNG] Time taken by org.testng.reporters.SuiteHTMLReporter@989da1: 111 ms
19:50:37.539[main]INFO  org.testng.internal.Utils - [TestNG] Time taken by org.testng.reporters.jq.Main@49601f82: 175 ms
19:50:37.566[main]INFO  org.testng.internal.Utils - [TestNG] Time taken by org.testng.reporters.FailedReporter@10876a6: 24 ms
19:50:37.620[main]INFO  org.testng.internal.Utils - [TestNG] Time taken by org.testng.reporters.XMLReporter@3b6c624: 51 ms
19:50:37.661[main]INFO  org.testng.internal.Utils - [TestNG] Time taken by org.testng.reporters.EmailableReporter2@50d3bf39: 41 ms
19:50:37.686[main]INFO  org.testng.internal.Utils - [TestNG] Time taken by org.testng.reporters.JUnitReportReporter@51827393: 24 ms
19:50:37.686[main]INFO  org.testng.internal.Utils - [TestNG] Time taken by org.testng.internal.ExitCodeListener@3be4f71: 0 ms
19:50:42.382[main]INFO  org.testng.internal.Utils - [TestNG] Time taken by org.testng.reporters.SuiteHTMLReporter@4d23015c: 76 ms
19:50:42.730[main]INFO  org.testng.internal.Utils - [TestNG] Time taken by org.testng.reporters.jq.Main@250b236d: 347 ms
19:50:42.751[main]INFO  org.testng.internal.Utils - [TestNG] Time taken by org.testng.reporters.FailedReporter@4e25147a: 21 ms
19:50:42.812[main]INFO  org.testng.internal.Utils - [TestNG] Time taken by org.testng.reporters.XMLReporter@31ee96f4: 61 ms
19:50:42.851[main]INFO  org.testng.internal.Utils - [TestNG] Time taken by org.testng.reporters.EmailableReporter2@26ae880a: 38 ms
19:50:42.875[main]INFO  org.testng.internal.Utils - [TestNG] Time taken by org.testng.reporters.JUnitReportReporter@58399d82: 24 ms
19:50:42.876[main]INFO  org.testng.internal.Utils - [TestNG] Time taken by org.testng.internal.ExitCodeListener@26f96b85: 0 ms
